#
# There is insufficient memory for the Java Runtime Environment to continue.
# Native memory allocation (mmap) failed to map 228589568 bytes. Error detail: G1 virtual space
# Possible reasons:
#   The system is out of physical RAM or swap space
#   This process is running with CompressedOops enabled, and the Java Heap may be blocking the growth of the native heap
# Possible solutions:
#   Reduce memory load on the system
#   Increase physical memory or swap space
#   Check if swap backing store is full
#   Decrease Java heap size (-Xmx/-Xms)
#   Decrease number of Java threads
#   Decrease Java thread stack sizes (-Xss)
#   Set larger code cache with -XX:ReservedCodeCacheSize=
#   JVM is running with Zero Based Compressed Oops mode in which the Java heap is
#     placed in the first 32GB address space. The Java Heap base address is the
#     maximum limit for the native heap growth. Please use -XX:HeapBaseMinAddress
#     to set the Java Heap base and to place the Java Heap above 32GB virtual address.
# This output file may be truncated or incomplete.
#
#  Out of Memory Error (os_windows.cpp:3898), pid=27532, tid=29016
#
# JRE version:  (21.0.7+9) (build )
# Java VM: OpenJDK 64-Bit Server VM (21.0.7+9-b895.130, mixed mode, sharing, tiered, compressed oops, compressed class ptrs, g1 gc, windows-amd64)
# No core dump will be written. Minidumps are not enabled by default on client versions of Windows
#

---------------  S U M M A R Y ------------

Command Line: git4idea.http.GitAskPassApp Username for 'https://github.com': 

Host: Intel(R) Core(TM) i7-10870H CPU @ 2.20GHz, 16 cores, 13G,  Windows 11 , 64 bit Build 26100 (10.0.26100.7705)
Time: Wed Feb  4 21:16:36 2026 Egypt Standard Time elapsed time: 1.063818 seconds (0d 0h 0m 1s)

---------------  T H R E A D  ---------------

Current thread (0x000001e05d201b10):  JavaThread "Unknown thread" [_thread_in_vm, id=29016, stack(0x000000c433500000,0x000000c433600000) (1024K)]

Stack: [0x000000c433500000,0x000000c433600000]
Native frames: (J=compiled Java code, j=interpreted, Vv=VM code, C=native code)
V  [jvm.dll+0x6e6049]
V  [jvm.dll+0x8c4343]
V  [jvm.dll+0x8c689e]
V  [jvm.dll+0x8c6f83]
V  [jvm.dll+0x289266]
V  [jvm.dll+0x6e28c5]
V  [jvm.dll+0x6d634a]
V  [jvm.dll+0x36388b]
V  [jvm.dll+0x36b456]
V  [jvm.dll+0x3bd7e6]
V  [jvm.dll+0x3bdab8]
V  [jvm.dll+0x335fdc]
V  [jvm.dll+0x336ccb]
V  [jvm.dll+0x88b7a9]
V  [jvm.dll+0x3ca9b8]
V  [jvm.dll+0x8747f8]
V  [jvm.dll+0x45f3ce]
V  [jvm.dll+0x4610b1]
C  [jli.dll+0x52ab]
C  [ucrtbase.dll+0x37b0]
C  [KERNEL32.DLL+0x2e8d7]
C  [ntdll.dll+0x8c40c]


---------------  P R O C E S S  ---------------

Threads class SMR info:
_java_thread_list=0x00007ffa7315b148, length=0, elements={
}

Java Threads: ( => current thread )
Total: 0

Other Threads:
  0x000001e05f6882f0 WorkerThread "GC Thread#0"                     [id=23140, stack(0x000000c433600000,0x000000c433700000) (1024K)]
  0x000001e05f696a70 ConcurrentGCThread "G1 Main Marker"            [id=12584, stack(0x000000c433700000,0x000000c433800000) (1024K)]
  0x000001e05f698300 WorkerThread "G1 Conc#0"                       [id=29452, stack(0x000000c433800000,0x000000c433900000) (1024K)]

[error occurred during error reporting (printing all threads), id 0xc0000005, EXCEPTION_ACCESS_VIOLATION (0xc0000005) at pc=0x00007ffa728490b7]
VM state: not at safepoint (not fully initialized)

VM Mutex/Monitor currently owned by a thread:  ([mutex/lock_event])
[0x00007ffa731cfab8] Heap_lock - owner thread: 0x000001e05d201b10

Heap address: 0x0000000727600000, size: 3466 MB, Compressed Oops mode: Zero based, Oop shift amount: 3

CDS archive(s) mapped at: [0x0000000000000000-0x0000000000000000-0x0000000000000000), size 0, SharedBaseAddress: 0x0000000800000000, ArchiveRelocationMode: 1.
Narrow klass base: 0x0000000000000000, Narrow klass shift: 0, Narrow klass range: 0x0

GC Precious Log:
 CardTable entry size: 512
 Card Set container configuration: InlinePtr #cards 4 size 8 Array Of Cards #cards 16 size 48 Howl #buckets 8 coarsen threshold 3686 Howl Bitmap #cards 512 size 80 coarsen threshold 460 Card regions per heap region 1 cards per card region 4096

Heap:
 garbage-first heap   total 0K, used 0K [0x0000000727600000, 0x0000000800000000)
  region size 2048K, 0 young (0K), 0 survivors (0K)
 Metaspace       used 0K, committed 0K, reserved 0K
  class space    used 0K, committed 0K, reserved 0K

Heap Regions: E=young(eden), S=young(survivor), O=old, HS=humongous(starts), HC=humongous(continues), CS=collection set, F=free, TAMS=top-at-mark-start, PB=parsable bottom

Card table byte_map: [0x000001e0735c0000,0x000001e073c90000] _byte_map_base: 0x000001e06fc85000

Marking Bits: (CMBitMap*) 0x000001e05f688900
 Bits: [0x000001e073c90000, 0x000001e0772b8000)

GC Heap History (0 events):
No events

Dll operation events (1 events):
Event: 0.008 Loaded shared library C:\Program Files\JetBrains\IntelliJ IDEA Community Edition 2024.3.3\jbr\bin\java.dll

Deoptimization events (0 events):
No events

Classes loaded (0 events):
No events

Classes unloaded (0 events):
No events

Classes redefined (0 events):
No events

Internal exceptions (0 events):
No events

ZGC Phase Switch (0 events):
No events

VM Operations (0 events):
No events

Memory protections (0 events):
No events

Nmethod flushes (0 events):
No events

Events (0 events):
No events


Dynamic libraries:
0x00007ff694460000 - 0x00007ff69446a000 	C:\Program Files\JetBrains\IntelliJ IDEA Community Edition 2024.3.3\jbr\bin\java.exe
0x00007ffb67360000 - 0x00007ffb675c8000 	C:\Windows\SYSTEM32\ntdll.dll
0x00007ffb65d70000 - 0x00007ffb65e39000 	C:\Windows\System32\KERNEL32.DLL
0x00007ffb64860000 - 0x00007ffb64c51000 	C:\Windows\System32\KERNELBASE.dll
0x00007ffb64590000 - 0x00007ffb646db000 	C:\Windows\System32\ucrtbase.dll
0x00007ffb52a20000 - 0x00007ffb52a3b000 	C:\Program Files\JetBrains\IntelliJ IDEA Community Edition 2024.3.3\jbr\bin\VCRUNTIME140.dll
0x00007ffb4ec30000 - 0x00007ffb4ec48000 	C:\Program Files\JetBrains\IntelliJ IDEA Community Edition 2024.3.3\jbr\bin\jli.dll
0x00007ffb654a0000 - 0x00007ffb65666000 	C:\Windows\System32\USER32.dll
0x00007ffb4b370000 - 0x00007ffb4b603000 	C:\Windows\WinSxS\amd64_microsoft.windows.common-controls_6595b64144ccf1df_6.0.26100.7705_none_3e06597ae3363b04\COMCTL32.dll
0x00007ffb63cf0000 - 0x00007ffb63d17000 	C:\Windows\System32\win32u.dll
0x00007ffb65c30000 - 0x00007ffb65cd9000 	C:\Windows\System32\msvcrt.dll
0x00007ffb67060000 - 0x00007ffb6708b000 	C:\Windows\System32\GDI32.dll
0x00007ffb64c60000 - 0x00007ffb64d8b000 	C:\Windows\System32\gdi32full.dll
0x00007ffb63c40000 - 0x00007ffb63ce3000 	C:\Windows\System32\msvcp_win.dll
0x00007ffb67160000 - 0x00007ffb67191000 	C:\Windows\System32\IMM32.DLL
0x00007ffb5ed40000 - 0x00007ffb5ed4c000 	C:\Program Files\JetBrains\IntelliJ IDEA Community Edition 2024.3.3\jbr\bin\vcruntime140_1.dll
0x00007ffb05270000 - 0x00007ffb052fd000 	C:\Program Files\JetBrains\IntelliJ IDEA Community Edition 2024.3.3\jbr\bin\msvcp140.dll
0x00007ffa72500000 - 0x00007ffa732c1000 	C:\Program Files\JetBrains\IntelliJ IDEA Community Edition 2024.3.3\jbr\bin\server\jvm.dll
0x00007ffb664b0000 - 0x00007ffb66564000 	C:\Windows\System32\ADVAPI32.dll
0x00007ffb65130000 - 0x00007ffb651d6000 	C:\Windows\System32\sechost.dll
0x00007ffb66080000 - 0x00007ffb66198000 	C:\Windows\System32\RPCRT4.dll
0x00007ffb652f0000 - 0x00007ffb65364000 	C:\Windows\System32\WS2_32.dll
0x00007ffb62bc0000 - 0x00007ffb62c1e000 	C:\Windows\SYSTEM32\POWRPROF.dll
0x00007ffb56d50000 - 0x00007ffb56d85000 	C:\Windows\SYSTEM32\WINMM.dll
0x00007ffb58d20000 - 0x00007ffb58d2b000 	C:\Windows\SYSTEM32\VERSION.dll
0x00007ffb62aa0000 - 0x00007ffb62ab4000 	C:\Windows\SYSTEM32\UMPDC.dll
0x00007ffb62a80000 - 0x00007ffb62a9b000 	C:\Windows\SYSTEM32\kernel.appcore.dll
0x00007ffb52210000 - 0x00007ffb5221a000 	C:\Program Files\JetBrains\IntelliJ IDEA Community Edition 2024.3.3\jbr\bin\jimage.dll
0x00007ffb61b50000 - 0x00007ffb61d92000 	C:\Windows\SYSTEM32\DBGHELP.DLL
0x00007ffb66570000 - 0x00007ffb668f6000 	C:\Windows\System32\combase.dll
0x00007ffb67220000 - 0x00007ffb672f7000 	C:\Windows\System32\OLEAUT32.dll
0x00007ffb4b770000 - 0x00007ffb4b7ab000 	C:\Windows\SYSTEM32\dbgcore.DLL
0x00007ffb64e20000 - 0x00007ffb64ec5000 	C:\Windows\System32\bcryptPrimitives.dll
0x00007ffb50030000 - 0x00007ffb50050000 	C:\Program Files\JetBrains\IntelliJ IDEA Community Edition 2024.3.3\jbr\bin\java.dll

dbghelp: loaded successfully - version: 4.0.5 - missing functions: none
symbol engine: initialized successfully - sym options: 0x614 - pdb path: .;C:\Program Files\JetBrains\IntelliJ IDEA Community Edition 2024.3.3\jbr\bin;C:\Windows\SYSTEM32;C:\Windows\WinSxS\amd64_microsoft.windows.common-controls_6595b64144ccf1df_6.0.26100.7705_none_3e06597ae3363b04;C:\Program Files\JetBrains\IntelliJ IDEA Community Edition 2024.3.3\jbr\bin\server

VM Arguments:
java_command: git4idea.http.GitAskPassApp Username for 'https://github.com': 
java_class_path (initial): C:/Program Files/JetBrains/IntelliJ IDEA Community Edition 2024.3.3/plugins/vcs-git/lib/git4idea-rt.jar;C:/Program Files/JetBrains/IntelliJ IDEA Community Edition 2024.3.3/lib/externalProcess-rt.jar
Launcher Type: SUN_STANDARD

[Global flags]
     intx CICompilerCount                          = 12                                        {product} {ergonomic}
     uint ConcGCThreads                            = 3                                         {product} {ergonomic}
     uint G1ConcRefinementThreads                  = 13                                        {product} {ergonomic}
   size_t G1HeapRegionSize                         = 2097152                                   {product} {ergonomic}
    uintx GCDrainStackTargetSize                   = 64                                        {product} {ergonomic}
   size_t InitialHeapSize                          = 228589568                                 {product} {ergonomic}
   size_t MarkStackSize                            = 4194304                                   {product} {ergonomic}
   size_t MaxHeapSize                              = 3634364416                                {product} {ergonomic}
   size_t MinHeapDeltaBytes                        = 2097152                                   {product} {ergonomic}
   size_t MinHeapSize                              = 8388608                                   {product} {ergonomic}
    uintx NonNMethodCodeHeapSize                   = 7602480                                {pd product} {ergonomic}
    uintx NonProfiledCodeHeapSize                  = 122027880                              {pd product} {ergonomic}
    uintx ProfiledCodeHeapSize                     = 122027880                              {pd product} {ergonomic}
    uintx ReservedCodeCacheSize                    = 251658240                              {pd product} {ergonomic}
     bool SegmentedCodeCache                       = true                                      {product} {ergonomic}
   size_t SoftMaxHeapSize                          = 3634364416                             {manageable} {ergonomic}
     bool UseCompressedOops                        = true                           {product lp64_product} {ergonomic}
     bool UseG1GC                                  = true                                      {product} {ergonomic}
     bool UseLargePagesIndividualAllocation        = false                                  {pd product} {ergonomic}

Logging:
Log output configuration:
 #0: stdout all=warning uptime,level,tags foldmultilines=false
 #1: stderr all=off uptime,level,tags foldmultilines=false

Environment Variables:
JAVA_HOME=C:\Program Files\Java\jdk-17
PATH=C:/Program Files/Git/mingw64/libexec/git-core;C:/Program Files/Git/mingw64/libexec/git-core;C:\Program Files\Git\mingw64\bin;C:\Program Files\Git\usr\bin;C:\Users\Khaled\bin;C:\Program Files\Microsoft MPI\Bin\;C:\Users\Khaled\Downloads\WINDOWS.X64_193000_db_home\bin;C:\Users\Khaled\AppData\Local\Temp\e5718cfe-5ae4-479a-8a5e-d42cc34b6440_WINDOWS.X64_193000_db_home.zip.440\bin;C:\Users\Khaled\Desktop\Oracle\bin;C:\Users\Khaled\Desktop\bin;C:\Program Files\Common Files\Oracle\Java\javapath;C:\Windows\system32;C:\Windows;C:\Windows\System32\Wbem;C:\Windows\System32\WindowsPowerShell\v1.0\;C:\Windows\System32\OpenSSH\;C:\Program Files\dotnet\;C:\Program Files (x86)\NVIDIA Corporation\PhysX\Common;C:\Program Files\Microsoft SQL Server\150\Tools\Binn\;C:\Program Files\Git\cmd;C:\Program Files\Java\jdk-17;C:\Program Files\Erlang OTP;C:\Program Files\RabbitMQ Server\rabbitmq_server-4.0.6\sbin;C:\Users\Khaled\Downloads\apache-maven-3.9.9\bin;C:\Program Files\nodejs\;search-ms:displayname=Search%20Results%20in%20OS%20(C%3A)&crumb=location:C%3A%5C\Python313;C:\Program Files\Docker\Docker\resources\bin;C:\Program Files (x86)\Microsoft SQL Server\160\Tools\Binn\;C:\Program Files\Microsoft SQL Server\160\Tools\Binn\;C:\Program Files\Microsoft SQL Server\Client SDK\ODBC\170\Tools\Binn\;C:\Program Files\Microsoft SQL Server\160\DTS\Binn\;C:\Program Files\NVIDIA Corporation\NVIDIA App\NvDLISR;C:\Program Files (x86)\Microsoft SQL Server\170\Tools\Binn\;C:\Program Files\Microsoft SQL Server\170\Tools\Binn\;C:\Program Files\Microsoft SQL Server\Client SDK\ODBC\180\Tools\Binn\;C:\Program Files\Microsoft SQL Server\170\DTS\Binn\;C:\Program Files (x86)\Microsoft SQL Server\170\DTS\Binn\;C:\Program Files\JetBrains\IntelliJ IDEA Community Edition 2024.3.3\plugins\maven\lib\maven3\bin;C:\Users\Khaled\Downloads\apache-maven-3.9.9-bin;C:\Users\Khaled\AppData\Local\Programs\Microsoft VS Code\bin;C:\Users\Khaled\AppData\Roaming\npm
USERNAME=Khaled
DISPLAY=:0.0
LC_ALL=en_US.UTF-8
TERM=xterm-256color
TMPDIR=C:\Users\Khaled\AppData\Local\Temp
OS=Windows_NT
PROCESSOR_IDENTIFIER=Intel64 Family 6 Model 165 Stepping 2, GenuineIntel
TMP=C:\Users\Khaled\AppData\Local\Temp
TEMP=C:\Users\Khaled\AppData\Local\Temp




Periodic native trim disabled

JNI global refs:
JNI global refs: 0, weak refs: 0

JNI global refs memory usage: 0, weak refs: 0

Process memory usage:
Resident Set Size: 13696K (0% of 14194440K total physical memory with 959016K free physical memory)

OOME stack traces (most recent first):
Classloader memory used:

---------------  S Y S T E M  ---------------

OS:
 Windows 11 , 64 bit Build 26100 (10.0.26100.7705)
OS uptime: 0 days 13:05 hours
Hyper-V role detected

CPU: total 16 (initial active 16) (8 cores per cpu, 2 threads per core) family 6 model 165 stepping 2 microcode 0x100, cx8, cmov, fxsr, ht, mmx, 3dnowpref, sse, sse2, sse3, ssse3, sse4.1, sse4.2, popcnt, lzcnt, tsc, tscinvbit, avx, avx2, aes, erms, clmul, bmi1, bmi2, adx, fma, vzeroupper, clflush, clflushopt, hv, rdtscp, f16c
Processor Information for the first 16 processors :
  Max Mhz: 2208, Current Mhz: 2208, Mhz Limit: 2208

Memory: 4k page, system-wide physical 13861M (936M free)
TotalPageFile size 29861M (AvailPageFile size 1M)
current process WorkingSet (physical memory assigned to process): 13M, peak: 13M
current process commit charge ("private bytes"): 70M, peak: 288M

vm_info: OpenJDK 64-Bit Server VM (21.0.7+9-b895.130) for windows-amd64 JRE (21.0.7+9-b895.130), built on 2025-05-13 by "builduser" with MS VC++ 16.10 / 16.11 (VS2019)

END.
